Starting Dynare (version 5.1).
Calling Dynare with arguments: noclearall
Starting preprocessing of the model file ...
Found 3 equation(s).
Evaluating expressions...done
Computing static model derivatives (order 1).
Computing dynamic model derivatives (order 2).
Processing outputs ...
done
Preprocessing completed.


STEADY-STATE RESULTS:

c 		 0
k 		 0
z 		 0

EIGENVALUES:
         Modulus             Real        Imaginary

          0.9966           0.9966                0
               1                1        1.065e-05
               1                1       -1.065e-05
               1                1                0


There are 1 eigenvalue(s) larger than 1 in modulus 
for 1 forward-looking variable(s)

The rank condition is verified.

rp_dynare =
       7.8046
log_c_std_dynare =
    0.0056278
Total computing time : 0h00m00s
